RetroWatchStudio/app/build/outputs/logs/manifest-merger-debug-report.txt
-- Merging decision tree log ---
manifest
ADDED from src/main/AndroidManifest.xml:2:1-78:12
	package
		ADDED from src/main/AndroidManifest.xml:3:5-38
		INJECTED from src/main/AndroidManifest.xml
		INJECTED from src/main/AndroidManifest.xml
	android:versionName
		ADDED from src/main/AndroidManifest.xml:5:5-32
		INJECTED from src/main/AndroidManifest.xml
		INJECTED from src/main/AndroidManifest.xml
	android:versionCode
		ADDED from src/main/AndroidManifest.xml:4:5-28
		INJECTED from src/main/AndroidManifest.xml
		INJECTED from src/main/AndroidManifest.xml
	xmlns:android
		ADDED from src/main/AndroidManifest.xml:2:11-69
uses-sdk
ADDED from src/main/AndroidManifest.xml:7:5-9:41
MERGED from [com.android.support:support-v4:21.0.3] AndroidManifest.xml:15:5-42
	android:targetSdkVersion
		ADDED from src/main/AndroidManifest.xml:9:9-38
		INJECTED from src/main/AndroidManifest.xml
		INJECTED from src/main/AndroidManifest.xml
	android:minSdkVersion
		ADDED from src/main/AndroidManifest.xml:8:9-35
		INJECTED from src/main/AndroidManifest.xml
		INJECTED from src/main/AndroidManifest.xml
uses-permission#android.permission.BLUETOOTH_ADMIN
ADDED from src/main/AndroidManifest.xml:11:5-74
	android:name
		ADDED from src/main/AndroidManifest.xml:11:22-71
uses-permission#android.permission.BLUETOOTH
ADDED from src/main/AndroidManifest.xml:12:5-68
	android:name
		ADDED from src/main/AndroidManifest.xml:12:22-65
uses-permission#android.permission.GET_ACCOUNTS
ADDED from src/main/AndroidManifest.xml:13:5-71
	android:name
		ADDED from src/main/AndroidManifest.xml:13:22-68
uses-permission#com.google.android.gm.permission.READ_CONTENT_PROVIDER
ADDED from src/main/AndroidManifest.xml:14:5-93
	android:name
		ADDED from src/main/AndroidManifest.xml:14:22-91
uses-permission#android.permission.RECEIVE_SMS
ADDED from src/main/AndroidManifest.xml:15:5-70
	android:name
		ADDED from src/main/AndroidManifest.xml:15:22-67
uses-permission#android.permission.READ_PHONE_STATE
ADDED from src/main/AndroidManifest.xml:16:5-75
	android:name
		ADDED from src/main/AndroidManifest.xml:16:22-72
uses-permission#android.permission.INTERNET
ADDED from src/main/AndroidManifest.xml:17:5-67
	android:name
		ADDED from src/main/AndroidManifest.xml:17:22-64
uses-permission#android.permission.ACCESS_WIFI_STATE
ADDED from src/main/AndroidManifest.xml:18:5-76
	android:name
		ADDED from src/main/AndroidManifest.xml:18:22-73
application
ADDED from src/main/AndroidManifest.xml:21:5-76:19
MERGED from [com.android.support:support-v4:21.0.3] AndroidManifest.xml:16:5-19
	android:label
		ADDED from src/main/AndroidManifest.xml:24:9-41
	android:allowBackup
		ADDED from src/main/AndroidManifest.xml:22:9-35
	android:icon
		ADDED from src/main/AndroidManifest.xml:23:9-45
	android:theme
		ADDED from src/main/AndroidManifest.xml:25:9-40
activity#com.hardcopy.retrowatch.RetroWatchActivity
ADDED from src/main/AndroidManifest.xml:28:9-37:20
	android:label
		ADDED from src/main/AndroidManifest.xml:30:13-45
	android:launchMode
		ADDED from src/main/AndroidManifest.xml:31:13-44
	android:configChanges
		ADDED from src/main/AndroidManifest.xml:32:13-74
	android:name
		ADDED from src/main/AndroidManifest.xml:29:13-70
intent-filter#android.intent.action.MAIN+android.intent.category.LAUNCHER
ADDED from src/main/AndroidManifest.xml:33:13-36:29
action#android.intent.action.MAIN
ADDED from src/main/AndroidManifest.xml:34:17-69
	android:name
		ADDED from src/main/AndroidManifest.xml:34:25-66
category#android.intent.category.LAUNCHER
ADDED from src/main/AndroidManifest.xml:35:17-77
	android:name
		ADDED from src/main/AndroidManifest.xml:35:27-74
activity#com.hardcopy.retrowatch.DeviceListActivity
ADDED from src/main/AndroidManifest.xml:39:9-43:20
	android:label
		ADDED from src/main/AndroidManifest.xml:40:19-56
	android:configChanges
		ADDED from src/main/AndroidManifest.xml:42:19-80
	android:theme
		ADDED from src/main/AndroidManifest.xml:41:19-62
	android:name
		ADDED from src/main/AndroidManifest.xml:39:19-53
activity#com.hardcopy.retrowatch.RetroWebViewActivity
ADDED from src/main/AndroidManifest.xml:45:9-50:20
	android:label
		ADDED from src/main/AndroidManifest.xml:47:13-50
	android:launchMode
		ADDED from src/main/AndroidManifest.xml:48:13-44
	android:configChanges
		ADDED from src/main/AndroidManifest.xml:49:13-74
	android:name
		ADDED from src/main/AndroidManifest.xml:46:13-72
service#com.hardcopy.retrowatch.service.RetroWatchService
ADDED from src/main/AndroidManifest.xml:53:9-58:19
	android:label
		ADDED from src/main/AndroidManifest.xml:56:13-50
	android:configChanges
		ADDED from src/main/AndroidManifest.xml:57:13-74
	android:icon
		ADDED from src/main/AndroidManifest.xml:55:13-49
	android:name
		ADDED from src/main/AndroidManifest.xml:54:13-78
service#com.hardcopy.retrowatch.service.NotificationReceiverService
ADDED from src/main/AndroidManifest.xml:60:9-66:19
	android:label
		ADDED from src/main/AndroidManifest.xml:61:13-55
	android:permission
		ADDED from src/main/AndroidManifest.xml:62:13-87
	android:name
		ADDED from src/main/AndroidManifest.xml:60:18-92
intent-filter#android.service.notification.NotificationListenerService
ADDED from src/main/AndroidManifest.xml:63:13-65:29
action#android.service.notification.NotificationListenerService
ADDED from src/main/AndroidManifest.xml:64:17-99
	android:name
		ADDED from src/main/AndroidManifest.xml:64:25-96